[    0.000000] Linux version 4.15.0-193-generic (buildd@lcy02-amd64-022) (gcc version 7.5.0 (Ubuntu 7.5.0-3ubuntu1~18.04)) #204-Ubuntu SMP Fri Aug 26 19:20:21 UTC 2022 (Ubuntu 4.15.0-193.204-generic 4.15.18)
[    0.000000] Command line: BOOT_IMAGE=/boot/vmlinuz-4.15.0-193-generic root=LABEL=cloudimg-rootfs ro console=tty1 console=ttyS0
[    0.000000] KERNEL supported cpus:
[    0.000000]   Intel GenuineIntel
[    0.000000]   AMD AuthenticAMD
[    0.000000]   Centaur CentaurHauls
[    0.000000] [Firmware Bug]: TSC doesn't count with P0 frequency!
[    0.000000] x86/fpu: Supporting XSAVE feature 0x001: 'x87 floating point registers'
[    0.000000] x86/fpu: Supporting XSAVE feature 0x002: 'SSE registers'
[    0.000000] x86/fpu: Supporting XSAVE feature 0x004: 'AVX registers'
[    0.000000] x86/fpu: xstate_offset[2]:  576, xstate_sizes[2]:  256
[    0.000000] x86/fpu: Enabled xstate features 0x7, context size is 832 bytes, using 'standard' format.
[    0.000000] e820: BIOS-provided physical RAM map:
[    0.000000] BIOS-e820: [mem 0x0000000000000000-0x000000000009fbff] usable
[    0.000000] BIOS-e820: [mem 0x000000000009fc00-0x000000000009ffff] reserved
[    0.000000] BIOS-e820: [mem 0x00000000000f0000-0x00000000000fffff] reserved
[    0.000000] BIOS-e820: [mem 0x0000000000100000-0x000000003ffeffff] usable
[    0.000000] BIOS-e820: [mem 0x000000003fff0000-0x000000003fffffff] ACPI data
[    0.000000] BIOS-e820: [mem 0x00000000fec00000-0x00000000fec00fff] reserved
[    0.000000] BIOS-e820: [mem 0x00000000fee00000-0x00000000fee00fff] reserved
[    0.000000] BIOS-e820: [mem 0x00000000fffc0000-0x00000000ffffffff] reserved
[    0.000000] NX (Execute Disable) protection: active
[    0.000000] SMBIOS 2.5 present.
[    0.000000] DMI: innotek GmbH VirtualBox/VirtualBox, BIOS VirtualBox 12/01/2006
[    0.000000] Hypervisor detected: KVM
[    0.000000] e820: last_pfn = 0x3fff0 max_arch_pfn = 0x400000000
[    0.000000] MTRR: Disabled
[    0.000000] x86/PAT: MTRRs disabled, skipping PAT initialization too.
[    0.000000] CPU MTRRs all blank - virtualized system.
[    0.000000] x86/PAT: Configuration [0-7]: WB  WT  UC- UC  WB  WT  UC- UC  
[    0.000000] found SMP MP-table at [mem 0x0009fff0-0x0009ffff]
[    0.000000] Scanning 1 areas for low memory corruption
[    0.000000] RAMDISK: [mem 0x359cb000-0x36cdcfff]
[    0.000000] ACPI: Early table checksum verification disabled
[    0.000000] ACPI: RSDP 0x00000000000E0000 000024 (v02 VBOX  )
[    0.000000] ACPI: XSDT 0x000000003FFF0030 00003C (v01 VBOX   VBOXXSDT 00000001 ASL  00000061)
[    0.000000] ACPI: FACP 0x000000003FFF00F0 0000F4 (v04 VBOX   VBOXFACP 00000001 ASL  00000061)
[    0.000000] ACPI: DSDT 0x000000003FFF0470 002325 (v02 VBOX   VBOXBIOS 00000002 INTL 20100528)
[    0.000000] ACPI: FACS 0x000000003FFF0200 000040
[    0.000000] ACPI: FACS 0x000000003FFF0200 000040
[    0.000000] ACPI: APIC 0x000000003FFF0240 00005C (v02 VBOX   VBOXAPIC 00000001 ASL  00000061)
[    0.000000] ACPI: SSDT 0x000000003FFF02A0 0001CC (v01 VBOX   VBOXCPUT 00000002 INTL 20100528)
[    0.000000] ACPI: Reserving FACP table memory at [mem 0x3fff00f0-0x3fff01e3]
[    0.000000] ACPI: Reserving DSDT table memory at [mem 0x3fff0470-0x3fff2794]
[    0.000000] ACPI: Reserving FACS table memory at [mem 0x3fff0200-0x3fff023f]
[    0.000000] ACPI: Reserving FACS table memory at [mem 0x3fff0200-0x3fff023f]
[    0.000000] ACPI: Reserving APIC table memory at [mem 0x3fff0240-0x3fff029b]
[    0.000000] ACPI: Reserving SSDT table memory at [mem 0x3fff02a0-0x3fff046b]
[    0.000000] No NUMA configuration found
[    0.000000] Faking a node at [mem 0x0000000000000000-0x000000003ffeffff]
[    0.000000] NODE_DATA(0) allocated [mem 0x3ffc5000-0x3ffeffff]
[    0.000000] kvm-clock: cpu 0, msr 0:3ff44001, primary cpu clock
[    0.000000] kvm-clock: Using msrs 4b564d01 and 4b564d00
[    0.000000] kvm-clock: using sched offset of 3326454108 cycles
[    0.000000] clocksource: kvm-clock: mask: 0xffffffffffffffff max_cycles: 0x1cd42e4dffb, max_idle_ns: 881590591483 ns
[    0.000000] Zone ranges:
[    0.000000]   DMA      [mem 0x0000000000001000-0x0000000000ffffff]
[    0.000000]   DMA32    [mem 0x0000000001000000-0x000000003ffeffff]
[    0.000000]   Normal   empty
[    0.000000]   Device   empty
[    0.000000] Movable zone start for each node
[    0.000000] Early memory node ranges
[    0.000000]   node   0: [mem 0x0000000000001000-0x000000000009efff]
[    0.000000]   node   0: [mem 0x0000000000100000-0x000000003ffeffff]
[    0.000000] Reserved but unavailable: 104 pages
[    0.000000] Initmem setup node 0 [mem 0x0000000000001000-0x000000003ffeffff]
[    0.000000] ACPI: PM-Timer IO Port: 0x4008
[    0.000000] IOAPIC[0]: apic_id 2, version 32, address 0xfec00000, GSI 0-23
[    0.000000] ACPI: INT_SRC_OVR (bus 0 bus_irq 0 global_irq 2 dfl dfl)
[    0.000000] ACPI: INT_SRC_OVR (bus 0 bus_irq 9 global_irq 9 low level)
[    0.000000] Using ACPI (MADT) for SMP configuration information
[    0.000000] smpboot: Allowing 2 CPUs, 0 hotplug CPUs
[    0.000000] PM: Registered nosave memory: [mem 0x00000000-0x00000fff]
[    0.000000] PM: Registered nosave memory: [mem 0x0009f000-0x0009ffff]
[    0.000000] PM: Registered nosave memory: [mem 0x000a0000-0x000effff]
[    0.000000] PM: Registered nosave memory: [mem 0x000f0000-0x000fffff]
[    0.000000] e820: [mem 0x40000000-0xfebfffff] available for PCI devices
[    0.000000] Booting paravirtualized kernel on KVM
[    0.000000] clocksource: refined-jiffies: mask: 0xffffffff max_cycles: 0xffffffff, max_idle_ns: 7645519600211568 ns
[    0.000000] random: get_random_bytes called from start_kernel+0x99/0x500 with crng_init=0
[    0.000000] setup_percpu: NR_CPUS:8192 nr_cpumask_bits:2 nr_cpu_ids:2 nr_node_ids:1
[    0.000000] percpu: Embedded 50 pages/cpu s167936 r8192 d28672 u1048576
[    0.000000] PV qspinlock hash table entries: 256 (order: 0, 4096 bytes)
[    0.000000] Built 1 zonelists, mobility grouping on.  Total pages: 257913
[    0.000000] Policy zone: DMA32
[    0.000000] Kernel command line: BOOT_IMAGE=/boot/vmlinuz-4.15.0-193-generic root=LABEL=cloudimg-rootfs ro console=tty1 console=ttyS0
[    0.000000] Memory: 982648K/1048120K available (12300K kernel code, 2484K rwdata, 4324K rodata, 2468K init, 2724K bss, 65472K reserved, 0K cma-reserved)
[    0.000000] SLUB: HWalign=64, Order=0-3, MinObjects=0, CPUs=2, Nodes=1
[    0.000000] ftrace: allocating 39483 entries in 155 pages
[    0.004000] Hierarchical RCU implementation.
[    0.004000] 	RCU restricting CPUs from NR_CPUS=8192 to nr_cpu_ids=2.
[    0.004000] 	Tasks RCU enabled.
[    0.004000] RCU: Adjusting geometry for rcu_fanout_leaf=16, nr_cpu_ids=2
[    0.004000] NR_IRQS: 524544, nr_irqs: 440, preallocated irqs: 16
[    0.004000] Console: colour VGA+ 80x25
[    0.004000] console [tty1] enabled
[    0.004000] console [ttyS0] enabled
[    0.004000] ACPI: Core revision 20170831
[    0.004000] ACPI: 2 ACPI AML tables successfully acquired and loaded
[    0.004000] APIC: Switch to symmetric I/O mode setup
[    0.004000] x2apic enabled
[    0.004000] Switched APIC routing to physical x2apic.
[    0.004000] ..TIMER: vector=0x30 apic1=0 pin1=2 apic2=-1 pin2=-1
[    0.004000] tsc: Detected 1996.249 MHz processor
[    0.004000] Calibrating delay loop (skipped) preset value.. 3992.49 BogoMIPS (lpj=7984996)
[    0.004000] pid_max: default: 32768 minimum: 301
[    0.004000] Security Framework initialized
[    0.004000] Yama: becoming mindful.
[    0.004000] AppArmor: AppArmor initialized
[    0.004000] Dentry cache hash table entries: 131072 (order: 8, 1048576 bytes)
[    0.004000] Inode-cache hash table entries: 65536 (order: 7, 524288 bytes)
[    0.004000] Mount-cache hash table entries: 2048 (order: 2, 16384 bytes)
[    0.004000] Mountpoint-cache hash table entries: 2048 (order: 2, 16384 bytes)
[    0.004000] Last level iTLB entries: 4KB 1024, 2MB 1024, 4MB 512
[    0.004000] Last level dTLB entries: 4KB 2048, 2MB 2048, 4MB 1024, 1GB 0
[    0.004000] Spectre V1 : Mitigation: usercopy/swapgs barriers and __user pointer sanitization
[    0.004000] Spectre V2 : Mitigation: Retpolines
[    0.004000] Spectre V2 : Spectre v2 / SpectreRSB mitigation: Filling RSB on context switch
[    0.004000] Freeing SMP alternatives memory: 36K
[    0.117876] APIC calibration not consistent with PM-Timer: 110ms instead of 100ms
[    0.119078] APIC delta adjusted to PM-Timer: 6447371 (7148298)
[    0.120047] smpboot: CPU0: AMD Ryzen 7 4700U with Radeon Graphics (family: 0x17, model: 0x60, stepping: 0x1)
[    0.121429] Performance Events: PMU not available due to virtualization, using software events only.
[    0.122695] Hierarchical SRCU implementation.
[    0.124581] NMI watchdog: Perf event create on CPU 0 failed with -2
[    0.125398] NMI watchdog: Perf NMI watchdog permanently disabled
[    0.126291] smp: Bringing up secondary CPUs ...
[    0.127167] x86: Booting SMP configuration:
[    0.127720] .... node  #0, CPUs:      #1
[    0.004000] kvm-clock: cpu 1, msr 0:3ff44041, secondary cpu clock
[    0.131588] smp: Brought up 1 node, 2 CPUs
[    0.131588] smpboot: Max logical packages: 1
[    0.132004] smpboot: Total of 2 processors activated (7984.99 BogoMIPS)
[    0.133067] devtmpfs: initialized
[    0.133067] x86/mm: Memory block size: 128MB
[    0.133151] evm: security.selinux
[    0.133616] evm: security.SMACK64
[    0.134075] evm: security.SMACK64EXEC
[    0.136002] evm: security.SMACK64TRANSMUTE
[    0.136567] evm: security.SMACK64MMAP
[    0.137083] evm: security.apparmor
[    0.137564] evm: security.ima
[    0.138002] evm: security.capability
[    0.138521] clocksource: jiffies: mask: 0xffffffff max_cycles: 0xffffffff, max_idle_ns: 7645041785100000 ns
[    0.140011] futex hash table entries: 512 (order: 3, 32768 bytes)
[    0.140979] pinctrl core: initialized pinctrl subsystem
[    0.152078] RTC time: 14:28:51, date: 10/18/22
[    0.153216] NET: Registered protocol family 16
[    0.154102] audit: initializing netlink subsys (disabled)
[    0.154922] audit: type=2000 audit(1666103336.654:1): state=initialized audit_enabled=0 res=1
[    0.156028] cpuidle: using governor ladder
[    0.156596] cpuidle: using governor menu
[    0.157102] ACPI: bus type PCI registered
[    0.157102] acpiphp: ACPI Hot Plug PCI Controller Driver version: 0.5
[    0.157102] PCI: Using configuration type 1 for base access
[    0.157866] PCI: Using configuration type 1 for extended access
[    0.160605] HugeTLB registered 2.00 MiB page size, pre-allocated 0 pages
[    0.164061] ACPI: Added _OSI(Module Device)
[    0.164655] ACPI: Added _OSI(Processor Device)
[    0.165277] ACPI: Added _OSI(3.0 _SCP Extensions)
[    0.165921] ACPI: Added _OSI(Processor Aggregator Device)
[    0.166667] ACPI: Added _OSI(Linux-Dell-Video)
[    0.167284] ACPI: Added _OSI(Linux-Lenovo-NV-HDMI-Audio)
[    0.168007] ACPI: Added _OSI(Linux-HPI-Hybrid-Graphics)
[    0.168918] ACPI: Executed 1 blocks of module-level executable AML code
[    0.171815] ACPI: Interpreter enabled
[    0.172000] ACPI: (supports S0 S5)
[    0.172002] ACPI: Using IOAPIC for interrupt routing
[    0.173028] PCI: Using host bridge windows from ACPI; if necessary, use "pci=nocrs" and report a bug
[    0.174359] ACPI: Enabled 2 GPEs in block 00 to 07
[    0.178100] ACPI: PCI Root Bridge [PCI0] (domain 0000 [bus 00-ff])
[    0.179180] acpi PNP0A03:00: _OSC: OS supports [ExtendedConfig ASPM ClockPM Segments MSI]
[    0.180000] acpi PNP0A03:00: _OSC: platform does not support [PCIeCapability]
[    0.180311] acpi PNP0A03:00: _OSC: not requesting control; platform does not support [PCIeCapability]
[    0.181850] acpi PNP0A03:00: _OSC: OS requested [PCIeHotplug PME AER PCIeCapability]
[    0.182958] acpi PNP0A03:00: _OSC: platform willing to grant [PCIeHotplug PME AER]
[    0.184002] acpi PNP0A03:00: _OSC failed (AE_SUPPORT); disabling ASPM
[    0.185111] PCI host bridge to bus 0000:00
[    0.185681] pci_bus 0000:00: root bus resource [io  0x0000-0x0cf7 window]
[    0.186549] pci_bus 0000:00: root bus resource [io  0x0d00-0xffff window]
[    0.187389] pci_bus 0000:00: root bus resource [mem 0x000a0000-0x000bffff window]
[    0.188002] pci_bus 0000:00: root bus resource [mem 0x40000000-0xfdffffff window]
[    0.188997] pci_bus 0000:00: root bus resource [bus 00-ff]
[    0.191155] pci 0000:00:01.1: legacy IDE quirk: reg 0x10: [io  0x01f0-0x01f7]
[    0.192000] pci 0000:00:01.1: legacy IDE quirk: reg 0x14: [io  0x03f6]
[    0.192002] pci 0000:00:01.1: legacy IDE quirk: reg 0x18: [io  0x0170-0x0177]
[    0.193080] pci 0000:00:01.1: legacy IDE quirk: reg 0x1c: [io  0x0376]
[    0.204479] pci 0000:00:07.0: quirk: [io  0x4000-0x403f] claimed by PIIX4 ACPI
[    0.205808] pci 0000:00:07.0: quirk: [io  0x4100-0x410f] claimed by PIIX4 SMB
[    0.214914] ACPI: PCI Interrupt Link [LNKA] (IRQs 5 9 10 *11)
[    0.216000] ACPI: PCI Interrupt Link [LNKB] (IRQs 5 9 *10 11)
[    0.216077] ACPI: PCI Interrupt Link [LNKC] (IRQs 5 *9 10 11)
[    0.216900] ACPI: PCI Interrupt Link [LNKD] (IRQs 5 9 10 *11)
[    0.217897] SCSI subsystem initialized
[    0.218672] pci 0000:00:02.0: vgaarb: setting as boot VGA device
[    0.218672] pci 0000:00:02.0: vgaarb: VGA device added: decodes=io+mem,owns=io+mem,locks=none
[    0.219339] pci 0000:00:02.0: vgaarb: bridge control possible
[    0.224003] vgaarb: loaded
[    0.224460] ACPI: bus type USB registered
[    0.225067] usbcore: registered new interface driver usbfs
[    0.225863] usbcore: registered new interface driver hub
[    0.226642] usbcore: registered new device driver usb
[    0.228034] EDAC MC: Ver: 3.0.0
[    0.229207] PCI: Using ACPI for IRQ routing
[    0.229624] NetLabel: Initializing
[    0.230150] NetLabel:  domain hash size = 128
[    0.230723] NetLabel:  protocols = UNLABELED CIPSOv4 CALIPSO
[    0.232011] NetLabel:  unlabeled traffic allowed by default
[    0.232773] clocksource: Switched to clocksource kvm-clock
[    0.244273] VFS: Disk quotas dquot_6.6.0
[    0.244273] VFS: Dquot-cache hash table entries: 512 (order 0, 4096 bytes)
[    0.244273] AppArmor: AppArmor Filesystem Enabled
[    0.244273] pnp: PnP ACPI init
[    0.244273] pnp: PnP ACPI: found 3 devices
[    0.268267] clocksource: acpi_pm: mask: 0xffffff max_cycles: 0xffffff, max_idle_ns: 2085701024 ns
[    0.269673] NET: Registered protocol family 2
[    0.270385] IP idents hash table entries: 16384 (order: 5, 131072 bytes)
[    0.274630] TCP established hash table entries: 8192 (order: 4, 65536 bytes)
[    0.275605] TCP bind hash table entries: 8192 (order: 5, 131072 bytes)
[    0.276438] TCP: Hash tables configured (established 8192 bind 8192)
[    0.277322] UDP hash table entries: 512 (order: 2, 16384 bytes)
[    0.278875] UDP-Lite hash table entries: 512 (order: 2, 16384 bytes)
[    0.279903] NET: Registered protocol family 1
[    0.280473] pci 0000:00:00.0: Limiting direct PCI/PCI transfers
[    0.281240] pci 0000:00:01.0: Activating ISA DMA hang workarounds
[    0.281296] pci 0000:00:02.0: Video device with shadowed ROM at [mem 0x000c0000-0x000dffff]
[    0.281296] Unpacking initramfs...
[    0.646484] Freeing initrd memory: 19528K
[    0.647230] clocksource: tsc: mask: 0xffffffffffffffff max_cycles: 0x398cadd9d93, max_idle_ns: 881590552906 ns
[    0.648776] platform rtc_cmos: registered platform RTC device (no PNP device found)
[    0.649897] Scanning for low memory corruption every 60 seconds
[    0.651360] Initialise system trusted keyrings
[    0.652028] Key type blacklist registered
[    0.652713] workingset: timestamp_bits=36 max_order=18 bucket_order=0
[    0.654145] zbud: loaded
[    0.654980] squashfs: version 4.0 (2009/01/31) Phillip Lougher
[    0.655959] fuse init (API version 7.26)
[    0.661225] jitterentropy: Initialization failed with host not compliant with requirements: 2
[    0.662864] Key type asymmetric registered
[    0.663517] Asymmetric key parser 'x509' registered
[    0.664241] Block layer SCSI generic (bsg) driver version 0.4 loaded (major 246)
[    0.665466] io scheduler noop registered
[    0.666088] io scheduler deadline registered
[    0.666748] io scheduler cfq registered (default)
[    0.667666] ACPI: AC Adapter [AC] (on-line)
[    0.668388] input: Power Button as /devices/LNXSYSTM:00/LNXPWRBN:00/input/input0
[    0.669533] ACPI: Power Button [PWRF]
[    0.670128] input: Sleep Button as /devices/LNXSYSTM:00/LNXSLPBN:00/input/input1
[    0.671270] ACPI: Sleep Button [SLPF]
[    0.672267] Serial: 8250/16550 driver, 32 ports, IRQ sharing enabled
[    0.672685] ACPI: Battery Slot [BAT0] (battery present)
[    0.694556] 00:02: ttyS0 at I/O 0x3f8 (irq = 4, base_baud = 115200) is a 16550A
[    0.699395] Linux agpgart interface v0.103
[    0.701541] loop: module loaded
[    0.702413] scsi host0: ata_piix
[    0.703121] scsi host1: ata_piix
[    0.703762] ata1: PATA max UDMA/33 cmd 0x1f0 ctl 0x3f6 bmdma 0xd000 irq 14
[    0.704794] ata2: PATA max UDMA/33 cmd 0x170 ctl 0x376 bmdma 0xd008 irq 15
[    0.706047] tun: Universal TUN/TAP device driver, 1.6
[    0.706860] PPP generic driver version 2.4.2
[    0.707562] ehci_hcd: USB 2.0 'Enhanced' Host Controller (EHCI) Driver
[    0.708383] ehci-pci: EHCI PCI platform driver
[    0.709017] ehci-platform: EHCI generic platform driver
[    0.709744] ohci_hcd: USB 1.1 'Open' Host Controller (OHCI) Driver
[    0.710562] ohci-pci: OHCI PCI platform driver
[    0.711172] ohci-platform: OHCI generic platform driver
[    0.711875] uhci_hcd: USB Universal Host Controller Interface driver
[    0.712695] i8042: PNP: PS/2 Controller [PNP0303:PS2K,PNP0f03:PS2M] at 0x60,0x64 irq 1,12
[    0.714175] serio: i8042 KBD port at 0x60,0x64 irq 1
[    0.714974] serio: i8042 AUX port at 0x60,0x64 irq 12
[    0.715996] mousedev: PS/2 mouse device common for all mice
[    0.717291] input: AT Translated Set 2 keyboard as /devices/platform/i8042/serio0/input/input2
[    0.718519] rtc_cmos rtc_cmos: rtc core: registered rtc_cmos as rtc0
[    0.719481] rtc_cmos rtc_cmos: alarms up to one day, 114 bytes nvram
[    0.720286] i2c /dev entries driver
[    0.720820] device-mapper: uevent: version 1.0.3
[    0.721593] device-mapper: ioctl: 4.37.0-ioctl (2017-09-20) initialised: dm-devel@redhat.com
[    0.722863] ledtrig-cpu: registered to indicate activity on CPUs
[    0.724634] NET: Registered protocol family 10
[    0.728886] Segment Routing with IPv6
[    0.729612] NET: Registered protocol family 17
[    0.730583] Key type dns_resolver registered
[    0.731561] mce: Using 0 MCE banks
[    0.732086] RAS: Correctable Errors collector initialized.
[    0.732802] sched_clock: Marking stable (732777805, 0)->(891637955, -158860150)
[    0.734158] registered taskstats version 1
[    0.734718] Loading compiled-in X.509 certificates
[    0.737501] Loaded X.509 cert 'Build time autogenerated kernel key: b9e621348ccbcfe28d0c51e4c3b595dc856bdd44'
[    0.739335] Loaded X.509 cert 'Canonical Ltd. Live Patch Signing: 14df34d1a87cf37625abec039ef2bf521249b969'
[    0.741032] Loaded X.509 cert 'Canonical Ltd. Kernel Module Signing: 88f752e560a1e0737e31163a466ad7b70a850c19'
[    0.742398] blacklist: Loading compiled-in revocation X.509 certificates
[    0.743307] Loaded X.509 cert 'Canonical Ltd. Secure Boot Signing: 61482aa2830d0ab2ad5af10b7250da9033ddcef0'
[    0.744602] zswap: loaded using pool lzo/zbud
[    0.748543] Key type big_key registered
[    0.749266] Key type trusted registered
[    0.751195] Key type encrypted registered
[    0.751768] AppArmor: AppArmor sha1 policy hashing enabled
[    0.752522] ima: No TPM chip found, activating TPM-bypass! (rc=-19)
[    0.753374] ima: Allocated hash algorithm: sha1
[    0.754016] evm: HMAC attrs: 0x1
[    0.754709]   Magic number: 10:787:485
[    0.755724] rtc_cmos rtc_cmos: setting system clock to 2022-10-18 14:28:52 UTC (1666103332)
[    0.757113] BIOS EDD facility v0.16 2004-Jun-25, 0 devices found
[    0.758056] EDD information not available.
[    0.889928] Freeing unused kernel image memory: 2468K
[    0.900664] Write protecting the kernel read-only data: 20480k
[    0.902233] Freeing unused kernel image memory: 2008K
[    0.903411] Freeing unused kernel image memory: 1820K
[    0.910181] x86/mm: Checked W+X mappings: passed, no W+X pages found.
Loading, please wait...
starting version 237
[    0.961634] e1000: Intel(R) PRO/1000 Network Driver - version 7.3.21-k8-NAPI
[    0.963091] e1000: Copyright (c) 1999-2006 Intel Corporation.
[    0.967871] Fusion MPT base driver 3.04.20
[    0.969286] Copyright (c) 1999-2008 LSI Corporation
[    0.976422] Fusion MPT SPI Host driver 3.04.20
[    0.982403] AVX2 version of gcm_enc/dec engaged.
[    0.983211] AES CTR mode by8 optimization enabled
[    1.195836] input: ImExPS/2 Generic Explorer Mouse as /devices/platform/i8042/serio1/input/input4
[    1.607040] e1000 0000:00:03.0 eth0: (PCI:33MHz:32-bit) 02:12:a5:46:f1:8c
[    1.608915] e1000 0000:00:03.0 eth0: Intel(R) PRO/1000 Network Connection
[    2.468909] e1000 0000:00:08.0 eth1: (PCI:33MHz:32-bit) 08:00:27:be:be:fe
[    2.470344] e1000 0000:00:08.0 eth1: Intel(R) PRO/1000 Network Connection
[    2.472960] e1000 0000:00:08.0 enp0s8: renamed from eth1
[    2.473768] mptbase: ioc0: Initiating bringup
[    2.489174] e1000 0000:00:03.0 enp0s3: renamed from eth0
[    2.572780] ioc0: LSI53C1030 A0: Capabilities={Initiator}
[    3.628625] scsi host2: ioc0: LSI53C1030 A0, FwRev=00000000h, Ports=1, MaxQ=256, IRQ=20
[    3.797217] scsi 2:0:0:0: Direct-Access     VBOX     HARDDISK         1.0  PQ: 0 ANSI: 5
[    3.824374] scsi target2:0:0: Beginning Domain Validation
[    3.828529] scsi target2:0:0: Domain Validation skipping write tests
[    3.829641] scsi target2:0:0: Ending Domain Validation
[    3.830739] scsi target2:0:0: asynchronous
[    3.832834] scsi 2:0:1:0: Direct-Access     VBOX     HARDDISK         1.0  PQ: 0 ANSI: 5
[    3.874715] scsi target2:0:1: Beginning Domain Validation
[    3.877732] scsi target2:0:1: Domain Validation skipping write tests
[    3.878788] scsi target2:0:1: Ending Domain Validation
[    3.879836] random: fast init done
[    3.880517] scsi target2:0:1: asynchronous
[    3.884957] random: systemd-udevd: uninitialized urandom read (16 bytes read)
[    3.885127] sd 2:0:0:0: [sda] 83886080 512-byte logical blocks: (42.9 GB/40.0 GiB)
[    3.887218] random: systemd-udevd: uninitialized urandom read (16 bytes read)
[    3.888347] sd 2:0:0:0: Attached scsi generic sg0 type 0
[    3.889441] random: systemd-udevd: uninitialized urandom read (16 bytes read)
[    3.890219] sd 2:0:0:0: [sda] Write Protect is off
[    3.891917] sd 2:0:1:0: Attached scsi generic sg1 type 0
[    3.893212] sd 2:0:0:0: [sda] Incomplete mode parameter data
[    3.893217] sd 2:0:1:0: [sdb] 20480 512-byte logical blocks: (10.5 MB/10.0 MiB)
[    3.894018] sd 2:0:0:0: [sda] Assuming drive cache: write through
[    3.896132] sd 2:0:1:0: [sdb] Write Protect is off
[    3.897162] sd 2:0:1:0: [sdb] Incomplete mode parameter data
[    3.898197]  sda: sda1
[    3.898228] sd 2:0:1:0: [sdb] Assuming drive cache: write through
[    3.900862] sd 2:0:0:0: [sda] Attached SCSI disk
[    3.903077] sd 2:0:1:0: [sdb] Attached SCSI disk
Begin: Loading essential drivers ... [    5.308431] raid6: sse2x1   gen()  8190 MB/s
[    5.356845] raid6: sse2x1   xor()  8273 MB/s
[    5.405871] raid6: sse2x2   gen() 17255 MB/s
[    5.453970] raid6: sse2x2   xor() 11175 MB/s
[    5.500198] raid6: sse2x4   gen() 17812 MB/s
[    5.548438] raid6: sse2x4   xor() 10174 MB/s
[    5.596610] raid6: avx2x1   gen() 19413 MB/s
[    5.644495] raid6: avx2x1   xor() 15450 MB/s
[    5.693673] raid6: avx2x2   gen() 34100 MB/s
[    5.740819] raid6: avx2x2   xor() 21072 MB/s
[    5.789422] raid6: avx2x4   gen() 36653 MB/s
[    5.837417] raid6: avx2x4   xor() 16605 MB/s
[    5.838182] raid6: using algorithm avx2x4 gen() 36653 MB/s
[    5.839117] raid6: .... xor() 16605 MB/s, rmw enabled
[    5.840175] raid6: using avx2x2 recovery algorithm
[    5.842037] xor: automatically using best checksumming function   avx       
[    5.843925] async_tx: api initialized (async)
done.
Begin: Running /scripts/init-premount ... done.
Begin: Mounting root file system ... Begin: Running /scripts/local-top ... done.
Begin: Running /scripts/local-premount ... [    5.877453] Btrfs loaded, crc32c=crc32c-intel
Scanning for Btrfs filesystems
done.
Warning: fsck not present, so skipping root file system
[    5.899797] EXT4-fs (sda1): mounted filesystem with ordered data mode. Opts: (null)
done.
Begin: Running /scripts/local-bottom ... done.
Begin: Running /scripts/init-bottom ... done.
[    6.031553] ip_tables: (C) 2000-2006 Netfilter Core Team
[    6.040210] systemd[1]: systemd 237 running in system mode. (+PAM +AUDIT +SELINUX +IMA +APPARMOR +SMACK +SYSVINIT +UTMP +LIBCRYPTSETUP +GCRYPT +GNUTLS +ACL +XZ +LZ4 +SECCOMP +BLKID +ELFUTILS +KMOD -IDN2 +IDN -PCRE2 default-hierarchy=hybrid)
[    6.044209] systemd[1]: Detected virtualization oracle.
[    6.045067] systemd[1]: Detected architecture x86-64.

Welcome to [1mUbuntu 18.04.6 LTS[0m!

[    6.050236] systemd[1]: Set hostname to <ubuntu>.
[    6.053890] systemd[1]: Initializing machine ID from random generator.
[    6.055278] systemd[1]: Installed transient /etc/machine-id file.
[    6.283872] systemd[1]: Reached target User and Group Name Lookups.
[[0;32m  OK  [0m] Reached target User and Group Name Lookups.
[    6.286953] systemd[1]: Created slice User and Session Slice.
[[0;32m  OK  [0m] Created slice User and Session Slice.
[    6.288246] systemd[1]: Started Forward Password Requests to Wall Directory Watch.
[[0;32m  OK  [0m] Started Forward Password Requests to Wall Directory Watch.
[    6.290214] systemd[1]: Set up automount Arbitrary Executable File Formats File System Automount Point.
[[0;32m  OK  [0m] Set up automount Arbitrary Executab…rmats File System Automount Point.
[[0;32m  OK  [0m] Created slice System Slice.
[[0;32m  OK  [0m] Listening on udev Kernel Socket.
[[0;32m  OK  [0m] Listening on /dev/initctl Compatibility Named Pipe.
[[0;32m  OK  [0m] Listening on Network Service Netlink Socket.
[[0;32m  OK  [0m] Listening on Journal Socket.
         Starting Set the console keyboard layout...
         Starting Uncomplicated firewall...
         Starting Create list of required st…ce nodes for the current kernel...
[[0;32m  OK  [0m] Listening on Journal Socket (/dev/log).
[[0;32m  OK  [0m] Listening on LVM2 poll daemon socket.
[[0;32m  OK  [0m] Reached target Slices.
[[0;32m  OK  [0m] Created slice system-serial\x2dgetty.slice.
         Mounting Huge Pages File System...
[[0;32m  OK  [0m] Listening on Device-mapper event daemon FIFOs.
[[0;32m  OK  [0m] Listening on LVM2 metadata daemon socket.
[[0;32m  OK  [0m] Reached target System Time Synchronized.
[[0;32m  OK  [0m] Reached target Swap.
         Starting Load Kernel Modules...
[[0;32m  OK  [0m] Listening on Journal Audit Socket.
[[0;32m  OK  [0m] Listening on udev Control Socket.
         Starting udev Coldplug all Devices...
         Mounting POSIX Message Queue File System...
         Starting Monitoring of LVM2 mirrors…ng dmeventd or progress polling...
         Mounting Kernel Debug File System...
[[0;32m  OK  [0m] Listening on fsck to fsckd communication Socket.
         Starting File System Check on Root Device...
[[0;32m  OK  [0m] Listening on Syslog Socket.
         Starting Journal Service...
[    6.591758] Loading iSCSI transport class v2.0-870.
[[0;32m  OK  [0m] Started Uncomplicated firewall.
[    6.597901] iscsi: registered transport (tcp)
[[0;32m  OK  [0m] Started Create list of required sta…vice nodes for the current kernel.
[[0;32m  OK  [0m] Mounted Huge Pages File System.
[[0;32m  OK  [0m] Mounted POSIX Message Queue File System.
[[0;32m  OK  [0m] Mounted Kernel Debug File System.
         Starting Create Static Device Nodes in /dev...
[    6.610540] iscsi: registered transport (iser)
[[0;32m  OK  [0m] Started Load Kernel Modules.
         Mounting FUSE Control File System...
         Starting Apply Kernel Variables...
         Mounting Kernel Configuration File System...
[[0;32m  OK  [0m] Mounted FUSE Control File System.
[[0;32m  OK  [0m] Mounted Kernel Configuration File System.
[[0;32m  OK  [0m] Started udev Coldplug all Devices.
[[0;32m  OK  [0m] Started File System Check Daemon to report status.
[[0;32m  OK  [0m] Started Journal Service.
[[0;32m  OK  [0m] Started Create Static Device Nodes in /dev.
[[0;32m  OK  [0m] Started File System Check on Root Device.
         Starting Remount Root and Kernel File Systems...
[[0;32m  OK  [0m] Started LVM2 metadata daemon.
[[0;32m  OK  [0m] Started Apply Kernel Variables.
[[0;32m  OK  [0m] Started Remount Root and Kernel File Systems.
         Starting udev Kernel Device Manager...
         Starting Flush Journal to Persistent Storage...
         Starting Load/Save Random Seed...
[[0;32m  OK  [0m] Started Load/Save Random Seed.
[[0;32m  OK  [0m] Started Monitoring of LVM2 mirrors,…sing dmeventd or progress polling.
[[0;32m  OK  [0m] Started udev Kernel Device Manager.
[[0;32m  OK  [0m] Started Flush Journal to Persistent Storage.
[[0;32m  OK  [0m] Found device /dev/ttyS0.
[[0;32m  OK  [0m] Listening on Load/Save RF Kill Switch Status /dev/rfkill Watch.
[[0;32m  OK  [0m] Started Set the console keyboard layout.
[[0;32m  OK  [0m] Started Dispatch Password Requests to Console Directory Watch.
[[0;32m  OK  [0m] Reached target Local Encrypted Volumes.
[[0;32m  OK  [0m] Reached target Local File Systems (Pre).
[[0;32m  OK  [0m] Reached target Local File Systems.
         Starting AppArmor initialization...
         Starting ebtables ruleset management...
         Starting Commit a transient machine-id on disk...
         Starting Set console font and keymap...
         Starting Tell Plymouth To Write Out Runtime Data...
         Starting Create Volatile Files and Directories...
[[0;32m  OK  [0m] Started Set console font and keymap.
[[0;32m  OK  [0m] Started Tell Plymouth To Write Out Runtime Data.
[[0;32m  OK  [0m] Started Create Volatile Files and Directories.
         Starting Update UTMP about System Boot/Shutdown...
[[0;32m  OK  [0m] Started Update UTMP about System Boot/Shutdown.
[[0;32m  OK  [0m] Started Commit a transient machine-id on disk.
[[0;32m  OK  [0m] Started ebtables ruleset management.
[[0;32m  OK  [0m] Started AppArmor initialization.
         Starting Load AppArmor profiles managed internally by snapd...
         Starting Initial cloud-init job (pre-networking)...
[[0;32m  OK  [0m] Started Load AppArmor profiles managed internally by snapd.
[    9.625585] cloud-init[729]: Cloud-init v. 22.2-0ubuntu1~18.04.3 running 'init-local' at Tue, 18 Oct 2022 14:29:01 +0000. Up 9.29 seconds.
[[0;32m  OK  [0m] Started Initial cloud-init job (pre-networking).
[[0;32m  OK  [0m] Reached target Network (Pre).
         Starting Network Service...
[[0;32m  OK  [0m] Started Network Service.
         Starting Network Name Resolution...
         Starting Wait for Network to be Configured...
[[0;32m  OK  [0m] Started Network Name Resolution.
[[0;32m  OK  [0m] Reached target Network.
[[0;32m  OK  [0m] Reached target Host and Network Name Lookups.
[[0;32m  OK  [0m] Started Wait for Network to be Configured.
         Starting Initial cloud-init job (metadata service crawler)...
[   11.506820] cloud-init[854]: Cloud-init v. 22.2-0ubuntu1~18.04.3 running 'init' at Tue, 18 Oct 2022 14:29:03 +0000. Up 11.35 seconds.
[   11.508477] cloud-init[854]: ci-info: ++++++++++++++++++++++++++++++++++++++Net device info+++++++++++++++++++++++++++++++++++++++
[   11.509305] cloud-init[854]: ci-info: +--------+-------+----------------------------+---------------+--------+-------------------+
[   11.510166] cloud-init[854]: ci-info: | Device |   Up  |          Address           |      Mask     | Scope  |     Hw-Address    |
[   11.511021] cloud-init[854]: ci-info: +--------+-------+----------------------------+---------------+--------+-------------------+
[   11.511772] cloud-init[854]: ci-info: | enp0s3 |  True |         10.0.2.15          | 255.255.255.0 | global | 02:12:a5:46:f1:8c |
[   11.512579] cloud-init[854]: ci-info: | enp0s3 |  True | fe80::12:a5ff:fe46:f18c/64 |       .       |  link  | 02:12:a5:46:f1:8c |
[   11.524716] cloud-init[854]: ci-info: | enp0s8 | False |             .              |       .       |   .    | 08:00:27:be:be:fe |
[   11.526930] cloud-init[854]: ci-info: |   lo   |  True |         127.0.0.1          |   255.0.0.0   |  host  |         .         |
[   11.527870] cloud-init[854]: ci-info: |   lo   |  True |          ::1/128           |       .       |  host  |         .         |
[   11.528867] cloud-init[854]: ci-info: +--------+-------+----------------------------+---------------+--------+-------------------+
[   11.529669] cloud-init[854]: ci-info: ++++++++++++++++++++++++++++Route IPv4 info+++++++++++++++++++++++++++++
[   11.531036] cloud-init[854]: ci-info: +-------+-------------+----------+-----------------+-----------+-------+
[   11.531860] cloud-init[854]: ci-info: | Route | Destination | Gateway  |     Genmask     | Interface | Flags |
[   11.532652] cloud-init[854]: ci-info: +-------+-------------+----------+-----------------+-----------+-------+
[   11.533413] cloud-init[854]: ci-info: |   0   |   0.0.0.0   | 10.0.2.2 |     0.0.0.0     |   enp0s3  |   UG  |
[   11.548173] cloud-init[854]: ci-info: |   1   |   10.0.2.0  | 0.0.0.0  |  255.255.255.0  |   enp0s3  |   U   |
[   11.549792] cloud-init[854]: ci-info: |   2   |   10.0.2.2  | 0.0.0.0  | 255.255.255.255 |   enp0s3  |   UH  |
[   11.550553] cloud-init[854]: ci-info: +-------+-------------+----------+-----------------+-----------+-------+
[   11.551159] cloud-init[854]: ci-info: +++++++++++++++++++Route IPv6 info+++++++++++++++++++
[   11.552382] cloud-init[854]: ci-info: +-------+-------------+---------+-----------+-------+
[   11.553651] cloud-init[854]: ci-info: | Route | Destination | Gateway | Interface | Flags |
[   11.554995] cloud-init[854]: ci-info: +-------+-------------+---------+-----------+-------+
[   11.555658] cloud-init[854]: ci-info: |   1   |  fe80::/64  |    ::   |   enp0s3  |   U   |
[   11.556442] cloud-init[854]: ci-info: |   3   |    local    |    ::   |   enp0s3  |   U   |
[   11.558974] cloud-init[854]: ci-info: |   4   |   ff00::/8  |    ::   |   enp0s3  |   U   |
[   11.576235] cloud-init[854]: ci-info: +-------+-------------+---------+-----------+-------+
[   12.458778] cloud-init[854]: Generating public/private rsa key pair.
[   12.460431] cloud-init[854]: Your identification has been saved in /etc/ssh/ssh_host_rsa_key.
[   12.461227] cloud-init[854]: Your public key has been saved in /etc/ssh/ssh_host_rsa_key.pub.
[   12.461953] cloud-init[854]: The key fingerprint is:
[   12.462589] cloud-init[854]: SHA256:ZJLD9UUQ7nhf1/TNtPkx3sLALxrfECEwFbDXkxgtACM root@ubuntu-bionic
[   12.463347] cloud-init[854]: The key's randomart image is:
[   12.463787] cloud-init[854]: +---[RSA 2048]----+
[   12.464389] cloud-init[854]: |    E o.*+**o    |
[   12.464967] cloud-init[854]: |     o + *.=..   |
[   12.465368] cloud-init[854]: |      = + *.=   o|
[   12.465817] cloud-init[854]: |       = + o o +*|
[   12.466343] cloud-init[854]: |        S o + .=*|
[   12.466851] cloud-init[854]: |         . . *..=|
[   12.467346] cloud-init[854]: |          . + +.o|
[   12.467772] cloud-init[854]: |           + + . |
[   12.468282] cloud-init[854]: |          . . .  |
[   12.468746] cloud-init[854]: +----[SHA256]-----+
[   12.469177] cloud-init[854]: Generating public/private dsa key pair.
[   12.469772] cloud-init[854]: Your identification has been saved in /etc/ssh/ssh_host_dsa_key.
[   12.480214] cloud-init[854]: Your public key has been saved in /etc/ssh/ssh_host_dsa_key.pub.
[   12.480854] cloud-init[854]: The key fingerprint is:
[   12.481252] cloud-init[854]: SHA256:OSSOi8lCdULhd/nCpgmtknFHQmTL7IQZmuTgABqdEqs root@ubuntu-bionic
[   12.481968] cloud-init[854]: The key's randomart image is:
[   12.482235] cloud-init[854]: +---[DSA 1024]----+
[   12.482481] cloud-init[854]: |B=.B.            |
[   12.493039] cloud-init[854]: |X+& .   .        |
[   12.494895] cloud-init[854]: |=* X +.o.        |
[   12.505102] cloud-init[854]: |. + Booo..       |
[   12.506088] cloud-init[854]: |Eo +.o.+S.       |
[   12.517201] cloud-init[854]: |..+o+.+ ..       |
[   12.528568] cloud-init[854]: |.o+..o           |
[   12.529018] cloud-init[854]: | ..              |
[   12.532602] cloud-init[854]: |                 |
[   12.533361] cloud-init[854]: +----[SHA256]-----+
[   12.534109] cloud-init[854]: Generating public/private ecdsa key pair.
[   12.534725] cloud-init[854]: Your identification has been saved in /etc/ssh/ssh_host_ecdsa_key.
[   12.535446] cloud-init[854]: Your public key has been saved in /etc/ssh/ssh_host_ecdsa_key.pub.
[   12.536331] cloud-init[854]: The key fingerprint is:
[   12.536814] cloud-init[854]: SHA256:AfXNVnkFNAOlMZpK3Bt5tuwUOx7CLfBooZIYBpkBVvA root@ubuntu-bionic
[   12.537481] cloud-init[854]: The key's randomart image is:
[   12.537985] cloud-init[854]: +---[ECDSA 256]---+
[   12.548618] cloud-init[854]: |=*o.  ...   ++Boo|
[   12.549521] cloud-init[854]: |+..    o o * =.o.|
[   12.550571] cloud-init[854]: |  oE    * B O  . |
[   12.560610] [cloud-init[0;32m  OK  [0m[854]: ] | . o . o O O +   |Started Initial cloud-init job (metadata service crawler).
[[0;32m  OK  [0m] Reached target System Initialization.
[[0;32m  OK  [0m] Listening on cloud-init hotplug hook socket.
[[0;32m  OK  [0m] Listening on Open-iSCSI iscsid Socket.
[[0;32m  OK  [0m] Listening on UUID daemon activation socket.
[[0;32m  OK  [0m] Started Daily Cleanup of Temporary Directories.

[[0;32m  OK  [0m] Started ACPI Events Check.
[[0;32m  OK  [0m] Reached target Paths.
[[0;32m  OK  [0m] Started Ubuntu Advantage Timer for running repeated jobs.
[[0;32m  OK  [0m] Listening on ACPID Listen Socket.
[[0;32m  OK  [0m] Started Discard unused blocks once a week.
[[0;32m  OK  [0m] Started Daily apt download activities.
[[0;32m  OK  [0m] Started Daily apt upgrade and clean activities.
[[0;32m  OK  [0m] Started Message of the Day.
[[0;32m  OK  [0m] Reached target Timers.
[[0;32m  OK  [0m] Listening on D-Bus System Message Bus Socket.
         Starting LXD - unix socket.
[   12.567077] cloud-init[854]: |  . o . S * O    |
         Starting Socket activation for snappy daemon.
[[0;32m  OK  [0m] Reached target Network is Online.
[   12.567822]          Starting Availability of block devices...
[[0;32m  OK  [0m] Reached target Remote File Systems (Pre).
[[0;32m  OK  [0m] Reached target Remote File Systems.
[[0;32m  OK  [0m] Reached target Cloud-config availability.
[[0;32m  OK  [0m] Listening on LXD - unix socket.
[[0;32m  OK  [0m] Listening on Socket activation for snappy daemon.
[[0;32m  OK  [0m] Reached target Sockets.
[[0;32m  OK  [0m] Reached target Basic System.
         Starting Accounts Service...
         Starting LSB: Record successful boot for GRUB...
         Starting Permit User Sessions...
         Starting LSB: automatic crash report generation...
         Starting Pollinate to seed the pseudo random number generator...
         Starting Virtualbox guest utils...
cloud-init[854]: |     . .   * o   |         Starting Login Service...

[   12.580524] cloud-init[854]: [[0;32m  OK  [0m] Started Deferred execution scheduler.
|            o    |
[   12.581841] cloud-init[854]: |                 |
         Starting System Logging Service...
[   12.586707] cloud-init[854]: |                 |
[   12.600652] cloud-init[854]: +----[SHA256]-----+
[   12.612555] cloud-init[854]: Generating public/private ed25519 key pair.
[   12.613315] cloud-init[854]: Your identification has been saved in /etc/ssh/ssh_host_ed25519_key.
[   12.614143] cloud-init[854]: Your public key has been saved in /etc/ssh/ssh_host_ed25519_key.pub.
[   12.615014] cloud-init[854]: The key fingerprint is:
[   12.615660] cloud-init[854]: SHA256:NgM00WMYO6SchavnFU0YsRJ5NoOkxMxwy60kyRdnZpI root@ubuntu-bionic
[   12.616605] cloud-init[854]: The key's randomart image is:
[   12.617093] cloud-init[854]: +--[ED25519 256]--+
[   12.617612] cloud-init[854]: |.=o++OXO         |
[   12.618186] cloud-init[854]: |.=+E@BB+=        |
[   12.619911] cloud-init[854]: |o.=.*+=* .       |
[   12.621077] cloud-init[854]: | o.....o.        |
[   12.621635] cloud-init[854]: |  ..   .S        |
[   12.633074] cloud-init[854]: |  . . .. o       |
[   12.633595] cloud-init[854]: |   o .           |
[   12.649585] cloud-init[854]: |    .            |
[   12.650792] cloud-init[854]: |                 |
[   12.660142] cloud-init[854]: +----[SHA256]-----+
         Starting Dispatcher daemon for systemd-networkd...
[[0;32m  OK  [0m] Started D-Bus System Message Bus.
[[0;32m  OK  [0m] Started Login Service.
[[0;32m  OK  [0m] Started Unattended Upgrades Shutdown.
         Starting Snap Daemon...
[[0;32m  OK  [0m] Started Regular background program processing daemon.
[[0;32m  OK  [0m] Started irqbalance daemon.
[[0;32m  OK  [0m] Started FUSE filesystem for LXC.
         Starting LXD - container startup/shutdown...
[[0;32m  OK  [0m] Started System Logging Service.
[[0;32m  OK  [0m] Started Availability of block devices.
[[0;32m  OK  [0m] Started Permit User Sessions.
         Starting Authorization Manager...
         Starting Terminate Plymouth Boot Screen...
         Starting Hold until boot process finishes up...
[[0;32m  OK  [0m] Started Hold until boot process finishes up.
[[0;32m  OK  [0m] Started Serial Getty on ttyS0.
         Starting Set console scheme...
[[0;32m  OK  [0m] Started Terminate Plymouth Boot Screen.
[[0;32m  OK  [0m] Started Set console scheme.
[[0;32m  OK  [0m] Created slice system-getty.slice.
[[0;32m  OK  [0m] Started Getty on tty1.
[[0;32m  OK  [0m] Reached target Login Prompts.
[[0;32m  OK  [0m] Started LSB: Record successful boot for GRUB.
[[0;32m  OK  [0m] Started LSB: automatic crash report generation.
[[0;32m  OK  [0m] Started Authorization Manager.
[[0;32m  OK  [0m] Started Accounts Service.
[[0;32m  OK  [0m] Started Virtualbox guest utils.
[[0;32m  OK  [0m] Started LXD - container startup/shutdown.
[[0;32m  OK  [0m] Started Dispatcher daemon for systemd-networkd.
[[0;32m  OK  [0m] Started Snap Daemon.
         Starting Wait until snapd is fully seeded...
         Starting Time & Date Service...
[[0;32m  OK  [0m] Started Time & Date Service.
[[0;32m  OK  [0m] Started Pollinate to seed the pseudo random number generator.
         Starting OpenBSD Secure Shell server...
[[0;32m  OK  [0m] Started OpenBSD Secure Shell server.
[[0;32m  OK  [0m] Created slice User Slice of vagrant.
         Starting User Manager for UID 1000...
[[0;32m  OK  [0m] Started Session 1 of user vagrant.
[[0;32m  OK  [0m] Started User Manager for UID 1000.
[[0;32m  OK  [0m] Started Wait until snapd is fully seeded.
         Starting Apply the settings specified in cloud-config...
[   18.016458] cloud-init[1572]: Cloud-init v. 22.2-0ubuntu1~18.04.3 running 'modules:config' at Tue, 18 Oct 2022 14:29:09 +0000. Up 17.63 seconds.
ci-info: no authorized SSH keys fingerprints found for user ubuntu.
<14>Oct 18 14:29:10 cloud-init: #############################################################
<14>Oct 18 14:29:10 cloud-init: -----BEGIN SSH HOST KEY FINGERPRINTS-----
<14>Oct 18 14:29:10 cloud-init: 1024 SHA256:OSSOi8lCdULhd/nCpgmtknFHQmTL7IQZmuTgABqdEqs root@ubuntu-bionic (DSA)
<14>Oct 18 14:29:10 cloud-init: 256 SHA256:AfXNVnkFNAOlMZpK3Bt5tuwUOx7CLfBooZIYBpkBVvA root@ubuntu-bionic (ECDSA)
<14>Oct 18 14:29:10 cloud-init: 256 SHA256:NgM00WMYO6SchavnFU0YsRJ5NoOkxMxwy60kyRdnZpI root@ubuntu-bionic (ED25519)
<14>Oct 18 14:29:10 cloud-init: 2048 SHA256:ZJLD9UUQ7nhf1/TNtPkx3sLALxrfECEwFbDXkxgtACM root@ubuntu-bionic (RSA)
<14>Oct 18 14:29:10 cloud-init: -----END SSH HOST KEY FINGERPRINTS-----
<14>Oct 18 14:29:10 cloud-init: #############################################################
-----BEGIN SSH HOST KEY KEYS-----
ecdsa-sha2-nistp256 AAAAE2VjZHNhLXNoYTItbmlzdHAyNTYAAAAIbmlzdHAyNTYAAABBBONRGTRl4rV0vjGkF1QYaXR7cRcnrgkN8ETCyfIOTcmC44V4TlpYXqWw16bW6+uuN81+oAxl8e5aqPU4oyOVqEQ= root@ubuntu-bionic
ssh-ed25519 AAAAC3NzaC1lZDI1NTE5AAAAIMLMF0ecMxIJ2CU2x8XWeWka8kOZ0ZJ5MLDEWKkdmnia root@ubuntu-bionic
ssh-rsa AAAAB3NzaC1yc2EAAAADAQABAAABAQC4f5qw9kGWaYtZtCwCfgHF8peujN7EyLdSrC5Nvrd096IS126QEYcMKTRtVG4MJG+/pTWPGGipoKlHQlIhyx4MWWn4CtxmmgfI8wlQmBPi/o6DERMczyyydAxdLJ41cvq8StZHuj2/Rfhi3mA3agwdtP3dofotD9BdtxqcYGL4L1EXIX6/Z4EbWADdubpHwuw5jDGxSkNIpHWI9QtPigD+PdD8UPJEx4U8Rt8j113aY+cu0OVAYiwrqqnzhKIU9lIQiyHUrUGVr1WMJUPTuwnT36XVPqhKqGlXtauhY2upjbpQI1UDTGotpxgDIy5kFK9wQlM2UWJYO+YxHIs6j4yv root@ubuntu-bionic
-----END SSH HOST KEY KEYS-----
[   18.724305] cloud-init[1736]: Cloud-init v. 22.2-0ubuntu1~18.04.3 running 'modules:final' at Tue, 18 Oct 2022 14:29:10 +0000. Up 18.53 seconds.
[   18.725418] cloud-init[1736]: Cloud-init v. 22.2-0ubuntu1~18.04.3 finished at Tue, 18 Oct 2022 14:29:10 +0000. Datasource DataSourceNoCloud [seed=/dev/sdb][dsmode=net].  Up 18.71 seconds

Ubuntu 18.04.6 LTS ubuntu-bionic ttyS0

ubuntu-bionic login: 